Using pre-set license
Built from '2021.3/staging' branch; Version is '2021.3.37f1 (3b6005ad5ad6) revision 3891205'; Using compiler version '192829333'; Build Type 'Release'
OS: 'Windows 11  (10.0.26100) 64bit Core' Language: 'en' Physical Memory: 15552 MB
BatchMode: 1, IsHumanControllingUs: 0, StartBugReporterOnCrash: 0, Is64bit: 1, IsPro: 1

COMMAND LINE ARGUMENTS:
C:\Program Files\Unity\Hub\Editor\2021.3.37f1\Editor\Unity.exe
-adb2
-batchMode
-noUpm
-name
AssetImportWorker1
-projectPath
C:/Users/roman/OneDrive/Documents/Unity/PHP Tut
-logFile
Logs/AssetImportWorker1.log
-srvPort
55953
Successfully changed project path to: C:/Users/roman/OneDrive/Documents/Unity/PHP Tut
C:/Users/roman/OneDrive/Documents/Unity/PHP Tut
[UnityMemory] Configuration Parameters - Can be set up in boot.config
    "memorysetup-bucket-allocator-granularity=16"
    "memorysetup-bucket-allocator-bucket-count=8"
    "memorysetup-bucket-allocator-block-size=33554432"
    "memorysetup-bucket-allocator-block-count=8"
    "memorysetup-main-allocator-block-size=16777216"
    "memorysetup-thread-allocator-block-size=16777216"
    "memorysetup-gfx-main-allocator-block-size=16777216"
    "memorysetup-gfx-thread-allocator-block-size=16777216"
    "memorysetup-cache-allocator-block-size=4194304"
    "memorysetup-typetree-allocator-block-size=2097152"
    "memorysetup-profiler-bucket-allocator-granularity=16"
    "memorysetup-profiler-bucket-allocator-bucket-count=8"
    "memorysetup-profiler-bucket-allocator-block-size=33554432"
    "memorysetup-profiler-bucket-allocator-block-count=8"
    "memorysetup-profiler-allocator-block-size=16777216"
    "memorysetup-profiler-editor-allocator-block-size=1048576"
    "memorysetup-temp-allocator-size-main=16777216"
    "memorysetup-job-temp-allocator-block-size=2097152"
    "memorysetup-job-temp-allocator-block-size-background=1048576"
    "memorysetup-job-temp-allocator-reduction-small-platforms=262144"
    "memorysetup-temp-allocator-size-background-worker=32768"
    "memorysetup-temp-allocator-size-job-worker=262144"
    "memorysetup-temp-allocator-size-preload-manager=33554432"
    "memorysetup-temp-allocator-size-nav-mesh-worker=65536"
    "memorysetup-temp-allocator-size-audio-worker=65536"
    "memorysetup-temp-allocator-size-cloud-worker=32768"
    "memorysetup-temp-allocator-size-gi-baking-worker=262144"
    "memorysetup-temp-allocator-size-gfx=262144"
Player connection [33452] Host "[IP] 172.30.40.9 [Port] 0 [Flags] 2 [Guid] 800328155 [EditorId] 800328155 [Version] 1048832 [Id] WindowsEditor(7,CoolerGuy) [Debug] 1 [PackageName] WindowsEditor [ProjectName] Editor" joined multi-casting on [225.0.0.222:54997]...

Player connection [33452] Host "[IP] 172.30.40.9 [Port] 0 [Flags] 2 [Guid] 800328155 [EditorId] 800328155 [Version] 1048832 [Id] WindowsEditor(7,CoolerGuy) [Debug] 1 [PackageName] WindowsEditor [ProjectName] Editor" joined alternative multi-casting on [225.0.0.222:34997]...

[Physics::Module] Initialized MultithreadedJobDispatcher with {0} workers.
Refreshing native plugins compatible for Editor in 41.05 ms, found 3 plugins.
Preloading 0 native plugins for Editor in 0.00 ms.
Initialize engine version: 2021.3.37f1 (3b6005ad5ad6)
[Subsystems] Discovering subsystems at path C:/Program Files/Unity/Hub/Editor/2021.3.37f1/Editor/Data/Resources/UnitySubsystems
[Subsystems] Discovering subsystems at path C:/Users/roman/OneDrive/Documents/Unity/PHP Tut/Assets
GfxDevice: creating device client; threaded=0; jobified=0
Direct3D:
    Version:  Direct3D 11.0 [level 11.1]
    Renderer: AMD Radeon RX 7700 XT (ID=0x747e)
    Vendor:   ATI
    VRAM:     12076 MB
    Driver:   31.0.24027.1012
Initialize mono
Mono path[0] = 'C:/Program Files/Unity/Hub/Editor/2021.3.37f1/Editor/Data/Managed'
Mono path[1] = 'C:/Program Files/Unity/Hub/Editor/2021.3.37f1/Editor/Data/MonoBleedingEdge/lib/mono/unityjit-win32'
Mono config path = 'C:/Program Files/Unity/Hub/Editor/2021.3.37f1/Editor/Data/MonoBleedingEdge/etc'
Using monoOptions --debugger-agent=transport=dt_socket,embedding=1,server=y,suspend=n,address=127.0.0.1:56984
Begin MonoManager ReloadAssembly
Registering precompiled unity dll's ...
Register platform support module: C:/Program Files/Unity/Hub/Editor/2021.3.37f1/Editor/Data/PlaybackEngines/WebGLSupport/UnityEditor.WebGL.Extensions.dll
Register platform support module: C:/Program Files/Unity/Hub/Editor/2021.3.37f1/Editor/Data/PlaybackEngines/WindowsStandaloneSupport/UnityEditor.WindowsStandalone.Extensions.dll
Registered in 0.003791 seconds.
Native extension for WindowsStandalone target not found
Native extension for WebGL target not found
Refreshing native plugins compatible for Editor in 43.50 ms, found 3 plugins.
Preloading 0 native plugins for Editor in 0.00 ms.
Mono: successfully reloaded assembly
- Completed reload, in  0.365 seconds
Domain Reload Profiling:
	ReloadAssembly (365ms)
		BeginReloadAssembly (55ms)
			ExecutionOrderSort (0ms)
			DisableScriptedObjects (0ms)
			BackupInstance (0ms)
			ReleaseScriptingObjects (0ms)
			CreateAndSetChildDomain (0ms)
		EndReloadAssembly (255ms)
			LoadAssemblies (54ms)
			RebuildTransferFunctionScriptingTraits (0ms)
			SetupTypeCache (59ms)
			ReleaseScriptCaches (0ms)
			RebuildScriptCaches (15ms)
			SetupLoadedEditorAssemblies (156ms)
				LogAssemblyErrors (0ms)
				InitializePlatformSupportModulesInManaged (6ms)
				SetLoadedEditorAssemblies (0ms)
				RefreshPlugins (44ms)
				BeforeProcessingInitializeOnLoad (1ms)
				ProcessInitializeOnLoadAttributes (77ms)
				ProcessInitializeOnLoadMethodAttributes (29ms)
				AfterProcessingInitializeOnLoad (0ms)
				EditorAssembliesLoaded (0ms)
			ExecutionOrderSort2 (0ms)
			AwakeInstancesAfterBackupRestoration (0ms)
Platform modules already initialized, skipping
Registering precompiled user dll's ...
Registered in 0.003231 seconds.
Begin MonoManager ReloadAssembly
Native extension for WindowsStandalone target not found
Native extension for WebGL target not found
Refreshing native plugins compatible for Editor in 0.47 ms, found 3 plugins.
Preloading 0 native plugins for Editor in 0.00 ms.
Package Manager log level set to [2]
[Package Manager] Server::EnsureServerProcessIsRunning -- launch failed, reason: Unity was launched with the -noUpm command-line argument
[Package Manager] Cannot connect to Unity Package Manager local server
Mono: successfully reloaded assembly
- Completed reload, in  0.995 seconds
Domain Reload Profiling:
	ReloadAssembly (996ms)
		BeginReloadAssembly (102ms)
			ExecutionOrderSort (0ms)
			DisableScriptedObjects (5ms)
			BackupInstance (0ms)
			ReleaseScriptingObjects (0ms)
			CreateAndSetChildDomain (19ms)
		EndReloadAssembly (824ms)
			LoadAssemblies (72ms)
			RebuildTransferFunctionScriptingTraits (0ms)
			SetupTypeCache (159ms)
			ReleaseScriptCaches (0ms)
			RebuildScriptCaches (38ms)
			SetupLoadedEditorAssemblies (557ms)
				LogAssemblyErrors (0ms)
				InitializePlatformSupportModulesInManaged (4ms)
				SetLoadedEditorAssemblies (0ms)
				RefreshPlugins (1ms)
				BeforeProcessingInitializeOnLoad (49ms)
				ProcessInitializeOnLoadAttributes (484ms)
				ProcessInitializeOnLoadMethodAttributes (13ms)
				AfterProcessingInitializeOnLoad (6ms)
				EditorAssembliesLoaded (0ms)
			ExecutionOrderSort2 (0ms)
			AwakeInstancesAfterBackupRestoration (4ms)
Platform modules already initialized, skipping
========================================================================
Worker process is ready to serve import requests
Launched and connected shader compiler UnityShaderCompiler.exe after 0.04 seconds
Refreshing native plugins compatible for Editor in 0.57 ms, found 3 plugins.
Preloading 0 native plugins for Editor in 0.00 ms.
Unloading 2964 Unused Serialized files (Serialized files now loaded: 0)
Unloading 35 unused Assets / (0.7 MB). Loaded Objects now: 3413.
Memory consumption went from 106.6 MB to 105.9 MB.
Total: 2.538200 ms (FindLiveObjects: 0.389900 ms CreateObjectMapping: 0.061000 ms MarkObjects: 1.840600 ms  DeleteObjects: 0.245700 ms)

AssetImportParameters requested are different than current active one (requested -> active):
  custom:video-decoder-ogg-theora: a1e56fd34408186e4bbccfd4996cb3dc -> 
  custom:container-muxer-webm: aa71ff27fc2769a1b78a27578f13a17b -> 
  custom:container-demuxer-webm: 4f35f7cbe854078d1ac9338744f61a02 -> 
  custom:video-encoder-webm-vp8: eb34c28f22e8b96e1ab97ce403110664 -> 
  custom:video-codec-MediaFoundation-h265: 746d11721c4dcdbdad8f713fa42b33f4 -> 
  custom:CustomObjectIndexerAttribute: bc11b3a6c3213fcdd17b65e7da85e133 -> 
  custom:audio-encoder-webm-vorbis: bf7c407c2cedff20999df2af8eb42d56 -> 
  custom:framework-win-MediaFoundation: 216162199b28c13a410421893ffa2e32 -> 
  custom:SearchIndexIgnoredProperties: e643bd26f0fe6173181afceb89e7c659 -> 
  custom:container-demuxer-ogg: 62fdf1f143b41e24485cea50d1cbac27 -> 
  custom:video-decoder-webm-vp8: 9c59270c3fd7afecdb556c50c9e8de78 -> 
  custom:audio-decoder-ogg-vorbis: bf7c407c2cedff20999df2af8eb42d56 -> 
========================================================================
Received Import Request.
  Time since last request: 162702.560523 seconds.
  path: Assets/Scripts/Web.cs
  artifactKey: Guid(4004beb7a4f820a47badab7b653e5f5b) Importer(815301076,1909f56bfc062723c751e8b465ee728b)
Number of updated assets reloaded before import = 0
Start importing Assets/Scripts/Web.cs using Guid(4004beb7a4f820a47badab7b653e5f5b) Importer(815301076,1909f56bfc062723c751e8b465ee728b)  -> (artifact id: 'beeff8e15ff8069779f7f42b98cf5f97') in 0.050572 seconds 
Number of asset objects unloaded after import = 0
========================================================================
Received Prepare
Registering precompiled user dll's ...
Registered in 0.006953 seconds.
Begin MonoManager ReloadAssembly
Native extension for WindowsStandalone target not found
Native extension for WebGL target not found
Refreshing native plugins compatible for Editor in 0.43 ms, found 3 plugins.
Preloading 0 native plugins for Editor in 0.00 ms.
[Package Manager] Server::EnsureServerProcessIsRunning -- launch failed, reason: Unity was launched with the -noUpm command-line argument
[Package Manager] Cannot connect to Unity Package Manager local server
Mono: successfully reloaded assembly
- Completed reload, in  0.952 seconds
Domain Reload Profiling:
	ReloadAssembly (952ms)
		BeginReloadAssembly (103ms)
			ExecutionOrderSort (0ms)
			DisableScriptedObjects (3ms)
			BackupInstance (0ms)
			ReleaseScriptingObjects (0ms)
			CreateAndSetChildDomain (24ms)
		EndReloadAssembly (773ms)
			LoadAssemblies (68ms)
			RebuildTransferFunctionScriptingTraits (0ms)
			SetupTypeCache (139ms)
			ReleaseScriptCaches (1ms)
			RebuildScriptCaches (30ms)
			SetupLoadedEditorAssemblies (527ms)
				LogAssemblyErrors (0ms)
				InitializePlatformSupportModulesInManaged (4ms)
				SetLoadedEditorAssemblies (0ms)
				RefreshPlugins (0ms)
				BeforeProcessingInitializeOnLoad (40ms)
				ProcessInitializeOnLoadAttributes (466ms)
				ProcessInitializeOnLoadMethodAttributes (10ms)
				AfterProcessingInitializeOnLoad (6ms)
				EditorAssembliesLoaded (0ms)
			ExecutionOrderSort2 (0ms)
			AwakeInstancesAfterBackupRestoration (5ms)
Platform modules already initialized, skipping
Refreshing native plugins compatible for Editor in 0.40 ms, found 3 plugins.
Preloading 0 native plugins for Editor in 0.00 ms.
Unloading 2997 Unused Serialized files (Serialized files now loaded: 0)
Unloading 37 unused Assets / (0.7 MB). Loaded Objects now: 3448.
Memory consumption went from 107.7 MB to 107.0 MB.
Total: 2.573300 ms (FindLiveObjects: 0.347800 ms CreateObjectMapping: 0.102100 ms MarkObjects: 1.908300 ms  DeleteObjects: 0.214300 ms)

AssetImportParameters requested are different than current active one (requested -> active):
  custom:video-decoder-ogg-theora: a1e56fd34408186e4bbccfd4996cb3dc -> 
  custom:container-muxer-webm: aa71ff27fc2769a1b78a27578f13a17b -> 
  custom:container-demuxer-webm: 4f35f7cbe854078d1ac9338744f61a02 -> 
  custom:video-encoder-webm-vp8: eb34c28f22e8b96e1ab97ce403110664 -> 
  custom:video-codec-MediaFoundation-h265: 746d11721c4dcdbdad8f713fa42b33f4 -> 
  custom:CustomObjectIndexerAttribute: bc11b3a6c3213fcdd17b65e7da85e133 -> 
  custom:audio-encoder-webm-vorbis: bf7c407c2cedff20999df2af8eb42d56 -> 
  custom:framework-win-MediaFoundation: 216162199b28c13a410421893ffa2e32 -> 
  custom:SearchIndexIgnoredProperties: e643bd26f0fe6173181afceb89e7c659 -> 
  custom:container-demuxer-ogg: 62fdf1f143b41e24485cea50d1cbac27 -> 
  custom:video-decoder-webm-vp8: 9c59270c3fd7afecdb556c50c9e8de78 -> 
  custom:audio-decoder-ogg-vorbis: bf7c407c2cedff20999df2af8eb42d56 -> 
========================================================================
Received Prepare
Registering precompiled user dll's ...
Registered in 0.004660 seconds.
Begin MonoManager ReloadAssembly
Native extension for WindowsStandalone target not found
Native extension for WebGL target not found
Refreshing native plugins compatible for Editor in 0.47 ms, found 3 plugins.
Preloading 0 native plugins for Editor in 0.00 ms.
[Package Manager] Server::EnsureServerProcessIsRunning -- launch failed, reason: Unity was launched with the -noUpm command-line argument
[Package Manager] Cannot connect to Unity Package Manager local server
Mono: successfully reloaded assembly
- Completed reload, in  0.873 seconds
Domain Reload Profiling:
	ReloadAssembly (873ms)
		BeginReloadAssembly (95ms)
			ExecutionOrderSort (0ms)
			DisableScriptedObjects (3ms)
			BackupInstance (0ms)
			ReleaseScriptingObjects (0ms)
			CreateAndSetChildDomain (24ms)
		EndReloadAssembly (725ms)
			LoadAssemblies (60ms)
			RebuildTransferFunctionScriptingTraits (0ms)
			SetupTypeCache (131ms)
			ReleaseScriptCaches (1ms)
			RebuildScriptCaches (24ms)
			SetupLoadedEditorAssemblies (505ms)
				LogAssemblyErrors (0ms)
				InitializePlatformSupportModulesInManaged (4ms)
				SetLoadedEditorAssemblies (0ms)
				RefreshPlugins (0ms)
				BeforeProcessingInitializeOnLoad (36ms)
				ProcessInitializeOnLoadAttributes (449ms)
				ProcessInitializeOnLoadMethodAttributes (10ms)
				AfterProcessingInitializeOnLoad (5ms)
				EditorAssembliesLoaded (0ms)
			ExecutionOrderSort2 (0ms)
			AwakeInstancesAfterBackupRestoration (4ms)
Platform modules already initialized, skipping
Refreshing native plugins compatible for Editor in 0.44 ms, found 3 plugins.
Preloading 0 native plugins for Editor in 0.00 ms.
Unloading 2997 Unused Serialized files (Serialized files now loaded: 0)
Unloading 37 unused Assets / (0.7 MB). Loaded Objects now: 3451.
Memory consumption went from 107.7 MB to 107.1 MB.
Total: 1.970800 ms (FindLiveObjects: 0.162400 ms CreateObjectMapping: 0.066800 ms MarkObjects: 1.548600 ms  DeleteObjects: 0.192500 ms)

AssetImportParameters requested are different than current active one (requested -> active):
  custom:video-decoder-ogg-theora: a1e56fd34408186e4bbccfd4996cb3dc -> 
  custom:container-muxer-webm: aa71ff27fc2769a1b78a27578f13a17b -> 
  custom:container-demuxer-webm: 4f35f7cbe854078d1ac9338744f61a02 -> 
  custom:video-encoder-webm-vp8: eb34c28f22e8b96e1ab97ce403110664 -> 
  custom:video-codec-MediaFoundation-h265: 746d11721c4dcdbdad8f713fa42b33f4 -> 
  custom:CustomObjectIndexerAttribute: bc11b3a6c3213fcdd17b65e7da85e133 -> 
  custom:audio-encoder-webm-vorbis: bf7c407c2cedff20999df2af8eb42d56 -> 
  custom:framework-win-MediaFoundation: 216162199b28c13a410421893ffa2e32 -> 
  custom:SearchIndexIgnoredProperties: e643bd26f0fe6173181afceb89e7c659 -> 
  custom:container-demuxer-ogg: 62fdf1f143b41e24485cea50d1cbac27 -> 
  custom:video-decoder-webm-vp8: 9c59270c3fd7afecdb556c50c9e8de78 -> 
  custom:audio-decoder-ogg-vorbis: bf7c407c2cedff20999df2af8eb42d56 -> 
========================================================================
Received Prepare
Registering precompiled user dll's ...
Registered in 0.006238 seconds.
Begin MonoManager ReloadAssembly
Native extension for WindowsStandalone target not found
Native extension for WebGL target not found
Refreshing native plugins compatible for Editor in 0.63 ms, found 3 plugins.
Preloading 0 native plugins for Editor in 0.00 ms.
[Package Manager] Server::EnsureServerProcessIsRunning -- launch failed, reason: Unity was launched with the -noUpm command-line argument
[Package Manager] Cannot connect to Unity Package Manager local server
Mono: successfully reloaded assembly
- Completed reload, in  0.936 seconds
Domain Reload Profiling:
	ReloadAssembly (936ms)
		BeginReloadAssembly (102ms)
			ExecutionOrderSort (0ms)
			DisableScriptedObjects (3ms)
			BackupInstance (0ms)
			ReleaseScriptingObjects (0ms)
			CreateAndSetChildDomain (25ms)
		EndReloadAssembly (768ms)
			LoadAssemblies (64ms)
			RebuildTransferFunctionScriptingTraits (0ms)
			SetupTypeCache (127ms)
			ReleaseScriptCaches (1ms)
			RebuildScriptCaches (23ms)
			SetupLoadedEditorAssemblies (544ms)
				LogAssemblyErrors (0ms)
				InitializePlatformSupportModulesInManaged (5ms)
				SetLoadedEditorAssemblies (0ms)
				RefreshPlugins (1ms)
				BeforeProcessingInitializeOnLoad (45ms)
				ProcessInitializeOnLoadAttributes (477ms)
				ProcessInitializeOnLoadMethodAttributes (10ms)
				AfterProcessingInitializeOnLoad (6ms)
				EditorAssembliesLoaded (0ms)
			ExecutionOrderSort2 (0ms)
			AwakeInstancesAfterBackupRestoration (3ms)
Platform modules already initialized, skipping
Refreshing native plugins compatible for Editor in 0.40 ms, found 3 plugins.
Preloading 0 native plugins for Editor in 0.00 ms.
Unloading 2997 Unused Serialized files (Serialized files now loaded: 0)
Unloading 37 unused Assets / (0.7 MB). Loaded Objects now: 3454.
Memory consumption went from 107.7 MB to 107.1 MB.
Total: 2.091000 ms (FindLiveObjects: 0.156600 ms CreateObjectMapping: 0.056000 ms MarkObjects: 1.621000 ms  DeleteObjects: 0.256900 ms)

AssetImportParameters requested are different than current active one (requested -> active):
  custom:video-decoder-ogg-theora: a1e56fd34408186e4bbccfd4996cb3dc -> 
  custom:container-muxer-webm: aa71ff27fc2769a1b78a27578f13a17b -> 
  custom:container-demuxer-webm: 4f35f7cbe854078d1ac9338744f61a02 -> 
  custom:video-encoder-webm-vp8: eb34c28f22e8b96e1ab97ce403110664 -> 
  custom:video-codec-MediaFoundation-h265: 746d11721c4dcdbdad8f713fa42b33f4 -> 
  custom:CustomObjectIndexerAttribute: bc11b3a6c3213fcdd17b65e7da85e133 -> 
  custom:audio-encoder-webm-vorbis: bf7c407c2cedff20999df2af8eb42d56 -> 
  custom:framework-win-MediaFoundation: 216162199b28c13a410421893ffa2e32 -> 
  custom:SearchIndexIgnoredProperties: e643bd26f0fe6173181afceb89e7c659 -> 
  custom:container-demuxer-ogg: 62fdf1f143b41e24485cea50d1cbac27 -> 
  custom:video-decoder-webm-vp8: 9c59270c3fd7afecdb556c50c9e8de78 -> 
  custom:audio-decoder-ogg-vorbis: bf7c407c2cedff20999df2af8eb42d56 -> 
========================================================================
Received Prepare
Registering precompiled user dll's ...
Registered in 0.005588 seconds.
Begin MonoManager ReloadAssembly
Native extension for WindowsStandalone target not found
Native extension for WebGL target not found
Refreshing native plugins compatible for Editor in 0.44 ms, found 3 plugins.
Preloading 0 native plugins for Editor in 0.00 ms.
[Package Manager] Server::EnsureServerProcessIsRunning -- launch failed, reason: Unity was launched with the -noUpm command-line argument
[Package Manager] Cannot connect to Unity Package Manager local server
Mono: successfully reloaded assembly
- Completed reload, in  0.851 seconds
Domain Reload Profiling:
	ReloadAssembly (851ms)
		BeginReloadAssembly (98ms)
			ExecutionOrderSort (0ms)
			DisableScriptedObjects (3ms)
			BackupInstance (0ms)
			ReleaseScriptingObjects (0ms)
			CreateAndSetChildDomain (25ms)
		EndReloadAssembly (700ms)
			LoadAssemblies (61ms)
			RebuildTransferFunctionScriptingTraits (0ms)
			SetupTypeCache (120ms)
			ReleaseScriptCaches (1ms)
			RebuildScriptCaches (21ms)
			SetupLoadedEditorAssemblies (498ms)
				LogAssemblyErrors (0ms)
				InitializePlatformSupportModulesInManaged (4ms)
				SetLoadedEditorAssemblies (0ms)
				RefreshPlugins (0ms)
				BeforeProcessingInitializeOnLoad (35ms)
				ProcessInitializeOnLoadAttributes (444ms)
				ProcessInitializeOnLoadMethodAttributes (10ms)
				AfterProcessingInitializeOnLoad (5ms)
				EditorAssembliesLoaded (0ms)
			ExecutionOrderSort2 (0ms)
			AwakeInstancesAfterBackupRestoration (3ms)
Platform modules already initialized, skipping
Refreshing native plugins compatible for Editor in 0.33 ms, found 3 plugins.
Preloading 0 native plugins for Editor in 0.00 ms.
Unloading 2997 Unused Serialized files (Serialized files now loaded: 0)
Unloading 37 unused Assets / (0.7 MB). Loaded Objects now: 3457.
Memory consumption went from 107.7 MB to 107.1 MB.
Total: 2.053700 ms (FindLiveObjects: 0.172800 ms CreateObjectMapping: 0.038300 ms MarkObjects: 1.614400 ms  DeleteObjects: 0.227300 ms)

AssetImportParameters requested are different than current active one (requested -> active):
  custom:video-decoder-ogg-theora: a1e56fd34408186e4bbccfd4996cb3dc -> 
  custom:container-muxer-webm: aa71ff27fc2769a1b78a27578f13a17b -> 
  custom:container-demuxer-webm: 4f35f7cbe854078d1ac9338744f61a02 -> 
  custom:video-encoder-webm-vp8: eb34c28f22e8b96e1ab97ce403110664 -> 
  custom:video-codec-MediaFoundation-h265: 746d11721c4dcdbdad8f713fa42b33f4 -> 
  custom:CustomObjectIndexerAttribute: bc11b3a6c3213fcdd17b65e7da85e133 -> 
  custom:audio-encoder-webm-vorbis: bf7c407c2cedff20999df2af8eb42d56 -> 
  custom:framework-win-MediaFoundation: 216162199b28c13a410421893ffa2e32 -> 
  custom:SearchIndexIgnoredProperties: e643bd26f0fe6173181afceb89e7c659 -> 
  custom:container-demuxer-ogg: 62fdf1f143b41e24485cea50d1cbac27 -> 
  custom:video-decoder-webm-vp8: 9c59270c3fd7afecdb556c50c9e8de78 -> 
  custom:audio-decoder-ogg-vorbis: bf7c407c2cedff20999df2af8eb42d56 -> 
========================================================================
Received Import Request.
  Time since last request: 706.827997 seconds.
  path: Assets/Simple Fantasy GUI/PNG/Character Panel/Minus_Icon.png
  artifactKey: Guid(47e51aa03c8cd16448f9cba068b87887) Importer(815301076,1909f56bfc062723c751e8b465ee728b)
Number of updated assets reloaded before import = 0
Start importing Assets/Simple Fantasy GUI/PNG/Character Panel/Minus_Icon.png using Guid(47e51aa03c8cd16448f9cba068b87887) Importer(815301076,1909f56bfc062723c751e8b465ee728b)  -> (artifact id: 'f256ea7b9f56f4ef74a5b30adcefd0ff') in 0.135790 seconds 
Number of asset objects unloaded after import = 3
========================================================================
Received Import Request.
  Time since last request: 0.000019 seconds.
  path: Assets/Simple Fantasy GUI/PNG/Icons/Sword_Icon.png
  artifactKey: Guid(af50dc4fa7b6d314895d0f8c79adb4a5) Importer(815301076,1909f56bfc062723c751e8b465ee728b)
Number of updated assets reloaded before import = 0
Start importing Assets/Simple Fantasy GUI/PNG/Icons/Sword_Icon.png using Guid(af50dc4fa7b6d314895d0f8c79adb4a5) Importer(815301076,1909f56bfc062723c751e8b465ee728b)  -> (artifact id: '4edc0a0df66634843341d6b7013438db') in 0.010958 seconds 
Number of asset objects unloaded after import = 3
========================================================================
Received Import Request.
  Time since last request: 0.000026 seconds.
  path: Assets/Simple Fantasy GUI/PNG/Icons/Shield_Icon.png
  artifactKey: Guid(47c96e5414c2b4449920b448538df93a) Importer(815301076,1909f56bfc062723c751e8b465ee728b)
Number of updated assets reloaded before import = 0
Start importing Assets/Simple Fantasy GUI/PNG/Icons/Shield_Icon.png using Guid(47c96e5414c2b4449920b448538df93a) Importer(815301076,1909f56bfc062723c751e8b465ee728b)  -> (artifact id: 'e8e514fc453b6f00e613d5cb575f6c18') in 0.010588 seconds 
Number of asset objects unloaded after import = 3
========================================================================
Received Import Request.
  Time since last request: 0.000012 seconds.
  path: Assets/Simple Fantasy GUI/PNG/Character Panel/Nickname_Slot.png
  artifactKey: Guid(4e919d44466f0624191cd947ff906d2a) Importer(815301076,1909f56bfc062723c751e8b465ee728b)
Number of updated assets reloaded before import = 0
Start importing Assets/Simple Fantasy GUI/PNG/Character Panel/Nickname_Slot.png using Guid(4e919d44466f0624191cd947ff906d2a) Importer(815301076,1909f56bfc062723c751e8b465ee728b)  -> (artifact id: '33bd4bcfa8e165b98d1484369ef692ef') in 0.010172 seconds 
Number of asset objects unloaded after import = 3
========================================================================
Received Import Request.
  Time since last request: 0.000013 seconds.
  path: Assets/Simple Fantasy GUI/PNG/Icons/Plus_Icon.png
  artifactKey: Guid(ea4a9c4889157964ea64778839d97680) Importer(815301076,1909f56bfc062723c751e8b465ee728b)
Number of updated assets reloaded before import = 0
Start importing Assets/Simple Fantasy GUI/PNG/Icons/Plus_Icon.png using Guid(ea4a9c4889157964ea64778839d97680) Importer(815301076,1909f56bfc062723c751e8b465ee728b)  -> (artifact id: 'd69f8f179f8874002cf896311201d681') in 0.006937 seconds 
Number of asset objects unloaded after import = 3
========================================================================
Received Import Request.
  Time since last request: 0.000015 seconds.
  path: Assets/Simple Fantasy GUI/PNG/Quest Panel/Reward_Slot.png
  artifactKey: Guid(92a4fb96206097047a300ebace4278a1) Importer(815301076,1909f56bfc062723c751e8b465ee728b)
Number of updated assets reloaded before import = 0
Start importing Assets/Simple Fantasy GUI/PNG/Quest Panel/Reward_Slot.png using Guid(92a4fb96206097047a300ebace4278a1) Importer(815301076,1909f56bfc062723c751e8b465ee728b)  -> (artifact id: '368e3f23b6ca97df89a2917092e9a01f') in 0.012405 seconds 
Number of asset objects unloaded after import = 3
========================================================================
Received Import Request.
  Time since last request: 0.000013 seconds.
  path: Assets/Simple Fantasy GUI/PNG/Quest Panel/Quest_Box.png
  artifactKey: Guid(6d20ba642c3809649a3ffc929fc3bbc1) Importer(815301076,1909f56bfc062723c751e8b465ee728b)
Number of updated assets reloaded before import = 0
Start importing Assets/Simple Fantasy GUI/PNG/Quest Panel/Quest_Box.png using Guid(6d20ba642c3809649a3ffc929fc3bbc1) Importer(815301076,1909f56bfc062723c751e8b465ee728b)  -> (artifact id: '993e1a4b5874f6cd789d2ce87655793d') in 0.027409 seconds 
Number of asset objects unloaded after import = 3
========================================================================
Received Import Request.
  Time since last request: 0.000015 seconds.
  path: Assets/Simple Fantasy GUI/PNG/Icons/Minus_Icon.png
  artifactKey: Guid(479eafb2543431043a8ee390637ac0f7) Importer(815301076,1909f56bfc062723c751e8b465ee728b)
Number of updated assets reloaded before import = 0
Start importing Assets/Simple Fantasy GUI/PNG/Icons/Minus_Icon.png using Guid(479eafb2543431043a8ee390637ac0f7) Importer(815301076,1909f56bfc062723c751e8b465ee728b)  -> (artifact id: '3ae5f091b442397a55dd5103a8c3e2bb') in 0.005879 seconds 
Number of asset objects unloaded after import = 3
========================================================================
Received Import Request.
  Time since last request: 0.000010 seconds.
  path: Assets/Simple Fantasy GUI/PNG/Inventory/Title_Box.png
  artifactKey: Guid(9aa2c942e55346b48883bf78aba327ca) Importer(815301076,1909f56bfc062723c751e8b465ee728b)
Number of updated assets reloaded before import = 0
Start importing Assets/Simple Fantasy GUI/PNG/Inventory/Title_Box.png using Guid(9aa2c942e55346b48883bf78aba327ca) Importer(815301076,1909f56bfc062723c751e8b465ee728b)  -> (artifact id: '69bf86b454feb94150087946ce7e5e07') in 0.011401 seconds 
Number of asset objects unloaded after import = 3
========================================================================
Received Import Request.
  Time since last request: 0.000013 seconds.
  path: Assets/Simple Fantasy GUI/PNG/Character Panel/Stats_Box.png
  artifactKey: Guid(fb2797aeae325e14abeff8973023ab45) Importer(815301076,1909f56bfc062723c751e8b465ee728b)
Number of updated assets reloaded before import = 0
Start importing Assets/Simple Fantasy GUI/PNG/Character Panel/Stats_Box.png using Guid(fb2797aeae325e14abeff8973023ab45) Importer(815301076,1909f56bfc062723c751e8b465ee728b)  -> (artifact id: 'd7087e88d742517b49d64dd3e6ba06e9') in 0.015187 seconds 
Number of asset objects unloaded after import = 3
========================================================================
Received Import Request.
  Time since last request: 0.000013 seconds.
  path: Assets/Simple Fantasy GUI/PSD/Simple_Fantasy_GUI_ALL.psd
  artifactKey: Guid(9ca04383e09af9f41b496d60ad170d04) Importer(815301076,1909f56bfc062723c751e8b465ee728b)
Number of updated assets reloaded before import = 0
Start importing Assets/Simple Fantasy GUI/PSD/Simple_Fantasy_GUI_ALL.psd using Guid(9ca04383e09af9f41b496d60ad170d04) Importer(815301076,1909f56bfc062723c751e8b465ee728b)  -> (artifact id: '4e1d830ce2c84c31cae3ac9743544325') in 0.054376 seconds 
Number of asset objects unloaded after import = 3
========================================================================
Received Import Request.
  Time since last request: 0.928896 seconds.
  path: Assets/Simple Fantasy GUI/PSD/Login_Bar.psd
  artifactKey: Guid(b75bc05bb9ed9b04891e759dc5d219e1) Importer(815301076,1909f56bfc062723c751e8b465ee728b)
Number of updated assets reloaded before import = 0
Start importing Assets/Simple Fantasy GUI/PSD/Login_Bar.psd using Guid(b75bc05bb9ed9b04891e759dc5d219e1) Importer(815301076,1909f56bfc062723c751e8b465ee728b)  -> (artifact id: '4197e6da3faa63e8f3d051bfe36b3f89') in 0.024504 seconds 
Number of asset objects unloaded after import = 3
========================================================================
Received Import Request.
  Time since last request: 0.000012 seconds.
  path: Assets/Simple Fantasy GUI/PNG/Login Panel/LoginButton_Pressed.png
  artifactKey: Guid(b75aa2349cb309240afa0694dffe6027) Importer(815301076,1909f56bfc062723c751e8b465ee728b)
Number of updated assets reloaded before import = 0
Start importing Assets/Simple Fantasy GUI/PNG/Login Panel/LoginButton_Pressed.png using Guid(b75aa2349cb309240afa0694dffe6027) Importer(815301076,1909f56bfc062723c751e8b465ee728b)  -> (artifact id: '55560756618a9213805004dc40344ce9') in 0.011619 seconds 
Number of asset objects unloaded after import = 3
========================================================================
Received Import Request.
  Time since last request: 0.000015 seconds.
  path: Assets/Simple Fantasy GUI/PNG/Login Panel/LoginButton_Hover.png
  artifactKey: Guid(11068e6cb0f18044e93ad0154715d958) Importer(815301076,1909f56bfc062723c751e8b465ee728b)
Number of updated assets reloaded before import = 0
Start importing Assets/Simple Fantasy GUI/PNG/Login Panel/LoginButton_Hover.png using Guid(11068e6cb0f18044e93ad0154715d958) Importer(815301076,1909f56bfc062723c751e8b465ee728b)  -> (artifact id: 'fd46a12b4975498eeb81782116dc90c2') in 0.012482 seconds 
Number of asset objects unloaded after import = 3
========================================================================
Received Import Request.
  Time since last request: 0.000017 seconds.
  path: Assets/Simple Fantasy GUI/PNG/Inventory/Inventory_Slot.png
  artifactKey: Guid(70c500e3f9a702743946d084c36b42c6) Importer(815301076,1909f56bfc062723c751e8b465ee728b)
Number of updated assets reloaded before import = 0
Start importing Assets/Simple Fantasy GUI/PNG/Inventory/Inventory_Slot.png using Guid(70c500e3f9a702743946d084c36b42c6) Importer(815301076,1909f56bfc062723c751e8b465ee728b)  -> (artifact id: 'b79f9ba2eda4036f7d2f9de46f05a805') in 0.012913 seconds 
Number of asset objects unloaded after import = 3
========================================================================
Received Import Request.
  Time since last request: 0.000016 seconds.
  path: Assets/Simple Fantasy GUI/PNG/Inventory/Inventory_Box.png
  artifactKey: Guid(6217b7e11307ad64884406331d3ca2ce) Importer(815301076,1909f56bfc062723c751e8b465ee728b)
Number of updated assets reloaded before import = 0
Start importing Assets/Simple Fantasy GUI/PNG/Inventory/Inventory_Box.png using Guid(6217b7e11307ad64884406331d3ca2ce) Importer(815301076,1909f56bfc062723c751e8b465ee728b)  -> (artifact id: '74fa0729bf78afb81f64c00f339b9f18') in 0.022169 seconds 
Number of asset objects unloaded after import = 3
========================================================================
Received Import Request.
  Time since last request: 0.000016 seconds.
  path: Assets/Simple Fantasy GUI/PNG/Icons/Helmet_Icon.png
  artifactKey: Guid(f8fceb41b68ef0a4ea35add24f4635e0) Importer(815301076,1909f56bfc062723c751e8b465ee728b)
Number of updated assets reloaded before import = 0
Start importing Assets/Simple Fantasy GUI/PNG/Icons/Helmet_Icon.png using Guid(f8fceb41b68ef0a4ea35add24f4635e0) Importer(815301076,1909f56bfc062723c751e8b465ee728b)  -> (artifact id: '7fb02583e3c5a476724bf032175bf979') in 0.011882 seconds 
Number of asset objects unloaded after import = 3
========================================================================
Received Import Request.
  Time since last request: 0.000015 seconds.
  path: Assets/Simple Fantasy GUI/PNG/Quest Panel/Comleted_Icon.png
  artifactKey: Guid(6d49331c7dc06794f98d4a1c17790d0b) Importer(815301076,1909f56bfc062723c751e8b465ee728b)
Number of updated assets reloaded before import = 0
Start importing Assets/Simple Fantasy GUI/PNG/Quest Panel/Comleted_Icon.png using Guid(6d49331c7dc06794f98d4a1c17790d0b) Importer(815301076,1909f56bfc062723c751e8b465ee728b)  -> (artifact id: 'd305a8a0ca8a9d9fa0ac477d0c79c78b') in 0.011986 seconds 
Number of asset objects unloaded after import = 3
========================================================================
Received Import Request.
  Time since last request: 0.000014 seconds.
  path: Assets/Simple Fantasy GUI/PNG/Quest Panel/Crystal_Icon.png
  artifactKey: Guid(bebdcb1b1d4112d49bb5e505c72918c6) Importer(815301076,1909f56bfc062723c751e8b465ee728b)
Number of updated assets reloaded before import = 0
Start importing Assets/Simple Fantasy GUI/PNG/Quest Panel/Crystal_Icon.png using Guid(bebdcb1b1d4112d49bb5e505c72918c6) Importer(815301076,1909f56bfc062723c751e8b465ee728b)  -> (artifact id: '9a7d406b55b93878682f88d348eea0f6') in 0.012870 seconds 
Number of asset objects unloaded after import = 3
========================================================================
Received Import Request.
  Time since last request: 0.000013 seconds.
  path: Assets/Simple Fantasy GUI/PNG/Inventory/Close_Icon.png
  artifactKey: Guid(91b7e74335f44c44c8dba8435bf6c3ab) Importer(815301076,1909f56bfc062723c751e8b465ee728b)
Number of updated assets reloaded before import = 0
Start importing Assets/Simple Fantasy GUI/PNG/Inventory/Close_Icon.png using Guid(91b7e74335f44c44c8dba8435bf6c3ab) Importer(815301076,1909f56bfc062723c751e8b465ee728b)  -> (artifact id: 'df59e38db672cf8ea5350e9ee90b85c0') in 0.013048 seconds 
Number of asset objects unloaded after import = 3
========================================================================
Received Import Request.
  Time since last request: 0.000014 seconds.
  path: Assets/Simple Fantasy GUI/PSD/Menu_Bar.psd
  artifactKey: Guid(b2d37404366e75e438141a075599a322) Importer(815301076,1909f56bfc062723c751e8b465ee728b)
Number of updated assets reloaded before import = 0
Start importing Assets/Simple Fantasy GUI/PSD/Menu_Bar.psd using Guid(b2d37404366e75e438141a075599a322) Importer(815301076,1909f56bfc062723c751e8b465ee728b)  -> (artifact id: '106e30b12fc0dcd11f69fbab3de1d639') in 0.024548 seconds 
Number of asset objects unloaded after import = 3
========================================================================
Received Import Request.
  Time since last request: 0.000026 seconds.
  path: Assets/Simple Fantasy GUI/PNG/Inventory/InventoryDemo.png
  artifactKey: Guid(db7440f3047d8254a9e4c31d20b8c489) Importer(815301076,1909f56bfc062723c751e8b465ee728b)
Number of updated assets reloaded before import = 0
Start importing Assets/Simple Fantasy GUI/PNG/Inventory/InventoryDemo.png using Guid(db7440f3047d8254a9e4c31d20b8c489) Importer(815301076,1909f56bfc062723c751e8b465ee728b)  -> (artifact id: '5dd1272a375919c40566aadb56e53c8e') in 0.025013 seconds 
Number of asset objects unloaded after import = 3
========================================================================
Received Import Request.
  Time since last request: 0.000018 seconds.
  path: Assets/Simple Fantasy GUI/PNG/Icons/Accept_Icon.png
  artifactKey: Guid(391f97da05cf45240a8ecdec752cd9be) Importer(815301076,1909f56bfc062723c751e8b465ee728b)
Number of updated assets reloaded before import = 0
Start importing Assets/Simple Fantasy GUI/PNG/Icons/Accept_Icon.png using Guid(391f97da05cf45240a8ecdec752cd9be) Importer(815301076,1909f56bfc062723c751e8b465ee728b)  -> (artifact id: 'ef9dab1d32aaf8ccb4ce175b772378e6') in 0.012282 seconds 
Number of asset objects unloaded after import = 3
========================================================================
Received Import Request.
  Time since last request: 0.000014 seconds.
  path: Assets/Simple Fantasy GUI/PNG/Loading Bar/Background_Bar.png
  artifactKey: Guid(4527bf35c3959cf4b8ab578a90dcd02b) Importer(815301076,1909f56bfc062723c751e8b465ee728b)
Number of updated assets reloaded before import = 0
Start importing Assets/Simple Fantasy GUI/PNG/Loading Bar/Background_Bar.png using Guid(4527bf35c3959cf4b8ab578a90dcd02b) Importer(815301076,1909f56bfc062723c751e8b465ee728b)  -> (artifact id: '676f57f180a46d1c7f3b2622e6a831aa') in 0.015979 seconds 
Number of asset objects unloaded after import = 3
========================================================================
Received Import Request.
  Time since last request: 0.000023 seconds.
  path: Assets/Simple Fantasy GUI/PNG/Icons/Boots_Icon.png
  artifactKey: Guid(b634c8a51d4a2d440b44719a9c1329ba) Importer(815301076,1909f56bfc062723c751e8b465ee728b)
Number of updated assets reloaded before import = 0
Start importing Assets/Simple Fantasy GUI/PNG/Icons/Boots_Icon.png using Guid(b634c8a51d4a2d440b44719a9c1329ba) Importer(815301076,1909f56bfc062723c751e8b465ee728b)  -> (artifact id: '26f36c2e2794c28ea5a7b8101d906048') in 0.013285 seconds 
Number of asset objects unloaded after import = 3
========================================================================
Received Import Request.
  Time since last request: 0.000016 seconds.
  path: Assets/Simple Fantasy GUI/PNG/Icons/Armor_Icon.png
  artifactKey: Guid(65a9410232dbc154c9cec96a5fbd07b1) Importer(815301076,1909f56bfc062723c751e8b465ee728b)
Number of updated assets reloaded before import = 0
Start importing Assets/Simple Fantasy GUI/PNG/Icons/Armor_Icon.png using Guid(65a9410232dbc154c9cec96a5fbd07b1) Importer(815301076,1909f56bfc062723c751e8b465ee728b)  -> (artifact id: 'fd7e4e2dbf6ffa3c34aa6da569cb9398') in 0.013398 seconds 
Number of asset objects unloaded after import = 3
========================================================================
Received Import Request.
  Time since last request: 0.000018 seconds.
  path: Assets/Simple Fantasy GUI/PNG/Login Panel/LoginPassword_Box.png
  artifactKey: Guid(19c4df2c9c38ace4fbf0731a1dbe0527) Importer(815301076,1909f56bfc062723c751e8b465ee728b)
Number of updated assets reloaded before import = 0
Start importing Assets/Simple Fantasy GUI/PNG/Login Panel/LoginPassword_Box.png using Guid(19c4df2c9c38ace4fbf0731a1dbe0527) Importer(815301076,1909f56bfc062723c751e8b465ee728b)  -> (artifact id: '297f6e188b8c5bca3f27e27cabc86eca') in 0.012441 seconds 
Number of asset objects unloaded after import = 3
========================================================================
Received Import Request.
  Time since last request: 0.000014 seconds.
  path: Assets/Simple Fantasy GUI/PNG/Login Panel/LoginDemo.png
  artifactKey: Guid(f87fc246712f16e4d875613fc90a11d6) Importer(815301076,1909f56bfc062723c751e8b465ee728b)
Number of updated assets reloaded before import = 0
Start importing Assets/Simple Fantasy GUI/PNG/Login Panel/LoginDemo.png using Guid(f87fc246712f16e4d875613fc90a11d6) Importer(815301076,1909f56bfc062723c751e8b465ee728b)  -> (artifact id: 'c7a536cfcdf712c2b6ee2eb74c0f445a') in 0.019476 seconds 
Number of asset objects unloaded after import = 3
========================================================================
Received Import Request.
  Time since last request: 0.000016 seconds.
  path: Assets/Simple Fantasy GUI/PNG/Icons/Close_Icon.png
  artifactKey: Guid(0b3d25bb30efc5847954849ba0b1453d) Importer(815301076,1909f56bfc062723c751e8b465ee728b)
Number of updated assets reloaded before import = 0
Start importing Assets/Simple Fantasy GUI/PNG/Icons/Close_Icon.png using Guid(0b3d25bb30efc5847954849ba0b1453d) Importer(815301076,1909f56bfc062723c751e8b465ee728b)  -> (artifact id: 'f855037e70e39ae146cec4a1063b1dc3') in 0.006680 seconds 
Number of asset objects unloaded after import = 3
========================================================================
Received Import Request.
  Time since last request: 0.000012 seconds.
  path: Assets/Simple Fantasy GUI/PNG/Icons/Comleted_Icon.png
  artifactKey: Guid(a3464046b5f29474b891e5a6b0602b66) Importer(815301076,1909f56bfc062723c751e8b465ee728b)
Number of updated assets reloaded before import = 0
Start importing Assets/Simple Fantasy GUI/PNG/Icons/Comleted_Icon.png using Guid(a3464046b5f29474b891e5a6b0602b66) Importer(815301076,1909f56bfc062723c751e8b465ee728b)  -> (artifact id: 'da229c393c8e7a68f428c4c4bac9faac') in 0.006546 seconds 
Number of asset objects unloaded after import = 3
========================================================================
Received Import Request.
  Time since last request: 0.000012 seconds.
  path: Assets/Simple Fantasy GUI/PNG/Login Panel/Login_Box.png
  artifactKey: Guid(df1945708fc4d6742b37268ae519a4b1) Importer(815301076,1909f56bfc062723c751e8b465ee728b)
Number of updated assets reloaded before import = 0
Start importing Assets/Simple Fantasy GUI/PNG/Login Panel/Login_Box.png using Guid(df1945708fc4d6742b37268ae519a4b1) Importer(815301076,1909f56bfc062723c751e8b465ee728b)  -> (artifact id: '4cce599685e8c9d32b937e598f487a99') in 0.017447 seconds 
Number of asset objects unloaded after import = 3
========================================================================
Received Import Request.
  Time since last request: 0.000015 seconds.
  path: Assets/Simple Fantasy GUI/PNG/Character Bar/CharacterDemo.png
  artifactKey: Guid(dbf0b0525645e10428174d35b68acc83) Importer(815301076,1909f56bfc062723c751e8b465ee728b)
Number of updated assets reloaded before import = 0
Start importing Assets/Simple Fantasy GUI/PNG/Character Bar/CharacterDemo.png using Guid(dbf0b0525645e10428174d35b68acc83) Importer(815301076,1909f56bfc062723c751e8b465ee728b)  -> (artifact id: '5a3c3f6ee460aaf6affdd3c02fd06b13') in 0.017049 seconds 
Number of asset objects unloaded after import = 3
========================================================================
Received Import Request.
  Time since last request: 0.000013 seconds.
  path: Assets/Simple Fantasy GUI/PNG/Menu Panel/Menu_Box.png
  artifactKey: Guid(5b0afe43a1982124fb85c8003a2dea2b) Importer(815301076,1909f56bfc062723c751e8b465ee728b)
Number of updated assets reloaded before import = 0
Start importing Assets/Simple Fantasy GUI/PNG/Menu Panel/Menu_Box.png using Guid(5b0afe43a1982124fb85c8003a2dea2b) Importer(815301076,1909f56bfc062723c751e8b465ee728b)  -> (artifact id: 'cd4685db5a41f224cf5405371f972f96') in 0.020457 seconds 
Number of asset objects unloaded after import = 3
========================================================================
Received Import Request.
  Time since last request: 0.000015 seconds.
  path: Assets/Simple Fantasy GUI/PSD/Character_Bar.psd
  artifactKey: Guid(79372c27978c1e44fa230e023508be47) Importer(815301076,1909f56bfc062723c751e8b465ee728b)
Number of updated assets reloaded before import = 0
Start importing Assets/Simple Fantasy GUI/PSD/Character_Bar.psd using Guid(79372c27978c1e44fa230e023508be47) Importer(815301076,1909f56bfc062723c751e8b465ee728b)  -> (artifact id: '769290b297095ed412e9501a54ffe611') in 0.019921 seconds 
Number of asset objects unloaded after import = 3
========================================================================
Received Prepare
Registering precompiled user dll's ...
Registered in 0.006089 seconds.
Begin MonoManager ReloadAssembly
Native extension for WindowsStandalone target not found
Native extension for WebGL target not found
Refreshing native plugins compatible for Editor in 0.40 ms, found 3 plugins.
Preloading 0 native plugins for Editor in 0.00 ms.
[Package Manager] Server::EnsureServerProcessIsRunning -- launch failed, reason: Unity was launched with the -noUpm command-line argument
[Package Manager] Cannot connect to Unity Package Manager local server
Mono: successfully reloaded assembly
- Completed reload, in  0.882 seconds
Domain Reload Profiling:
	ReloadAssembly (882ms)
		BeginReloadAssembly (96ms)
			ExecutionOrderSort (0ms)
			DisableScriptedObjects (3ms)
			BackupInstance (0ms)
			ReleaseScriptingObjects (0ms)
			CreateAndSetChildDomain (25ms)
		EndReloadAssembly (721ms)
			LoadAssemblies (60ms)
			RebuildTransferFunctionScriptingTraits (0ms)
			SetupTypeCache (123ms)
			ReleaseScriptCaches (1ms)
			RebuildScriptCaches (21ms)
			SetupLoadedEditorAssemblies (509ms)
				LogAssemblyErrors (0ms)
				InitializePlatformSupportModulesInManaged (5ms)
				SetLoadedEditorAssemblies (0ms)
				RefreshPlugins (0ms)
				BeforeProcessingInitializeOnLoad (35ms)
				ProcessInitializeOnLoadAttributes (452ms)
				ProcessInitializeOnLoadMethodAttributes (12ms)
				AfterProcessingInitializeOnLoad (5ms)
				EditorAssembliesLoaded (0ms)
			ExecutionOrderSort2 (0ms)
			AwakeInstancesAfterBackupRestoration (3ms)
Platform modules already initialized, skipping
Refreshing native plugins compatible for Editor in 0.44 ms, found 3 plugins.
Preloading 0 native plugins for Editor in 0.00 ms.
Unloading 2997 Unused Serialized files (Serialized files now loaded: 0)
Unloading 37 unused Assets / (0.7 MB). Loaded Objects now: 3527.
Memory consumption went from 112.2 MB to 111.5 MB.
Total: 2.053100 ms (FindLiveObjects: 0.178200 ms CreateObjectMapping: 0.046600 ms MarkObjects: 1.593000 ms  DeleteObjects: 0.234700 ms)

AssetImportParameters requested are different than current active one (requested -> active):
  custom:video-decoder-ogg-theora: a1e56fd34408186e4bbccfd4996cb3dc -> 
  custom:container-muxer-webm: aa71ff27fc2769a1b78a27578f13a17b -> 
  custom:container-demuxer-webm: 4f35f7cbe854078d1ac9338744f61a02 -> 
  custom:video-encoder-webm-vp8: eb34c28f22e8b96e1ab97ce403110664 -> 
  custom:video-codec-MediaFoundation-h265: 746d11721c4dcdbdad8f713fa42b33f4 -> 
  custom:CustomObjectIndexerAttribute: bc11b3a6c3213fcdd17b65e7da85e133 -> 
  custom:audio-encoder-webm-vorbis: bf7c407c2cedff20999df2af8eb42d56 -> 
  custom:framework-win-MediaFoundation: 216162199b28c13a410421893ffa2e32 -> 
  custom:SearchIndexIgnoredProperties: e643bd26f0fe6173181afceb89e7c659 -> 
  custom:container-demuxer-ogg: 62fdf1f143b41e24485cea50d1cbac27 -> 
  custom:video-decoder-webm-vp8: 9c59270c3fd7afecdb556c50c9e8de78 -> 
  custom:audio-decoder-ogg-vorbis: bf7c407c2cedff20999df2af8eb42d56 -> 
Editor requested this worker to shutdown with reason: Scaling down because of idle timeout
AssetImportWorker is now disconnected from the server
Process exiting
Exiting without the bug reporter. Application will terminate with return code 0